  [1m[36mActiveRecord::SchemaMigration Load (3.7ms)[0m  [1m[34mSELECT "schema_migrations"."version" FROM "schema_migrations" ORDER BY "schema_migrations"."version" ASC[0m
  [1m[36mActiveRecord::InternalMetadata Load (2.9ms)[0m  [1m[34mSELECT * FROM "ar_internal_metadata" WHERE "ar_internal_metadata"."key" = $1 ORDER BY "ar_internal_metadata"."key" ASC LIMIT 1[0m  [[nil, "environment"]]
  [1m[36mActiveRecord::SchemaMigration Load (0.1ms)[0m  [1m[34mSELECT "schema_migrations"."version" FROM "schema_migrations" ORDER BY "schema_migrations"."version" ASC[0m
  [1m[36mActiveRecord::InternalMetadata Load (0.2ms)[0m  [1m[34mSELECT * FROM "ar_internal_metadata" WHERE "ar_internal_metadata"."key" = $1 ORDER BY "ar_internal_metadata"."key" ASC LIMIT 1[0m  [[nil, "environment"]]
  [1m[36mActiveRecord::SchemaMigration Load (0.1ms)[0m  [1m[34mSELECT "schema_migrations"."version" FROM "schema_migrations" ORDER BY "schema_migrations"."version" ASC[0m
  [1m[36mActiveRecord::InternalMetadata Load (0.3ms)[0m  [1m[34mSELECT * FROM "ar_internal_metadata" WHERE "ar_internal_metadata"."key" = $1 ORDER BY "ar_internal_metadata"."key" ASC LIMIT 1[0m  [[nil, "environment"]]
  [1m[35m (65.2ms)[0m  [1m[35mDROP DATABASE IF EXISTS "adopt_dont_shop_7_development"[0m
  [1m[35m (30.0ms)[0m  [1m[35mDROP DATABASE IF EXISTS "adopt_dont_shop_7_test"[0m
  [1m[35m (113.4ms)[0m  [1m[35mCREATE DATABASE "adopt_dont_shop_7_development" ENCODING = 'unicode'[0m
  [1m[35m (86.3ms)[0m  [1m[35mCREATE DATABASE "adopt_dont_shop_7_test" ENCODING = 'unicode'[0m
  [1m[35m (9.0ms)[0m  [1m[35mCREATE TABLE "schema_migrations" ("version" character varying NOT NULL PRIMARY KEY)[0m
  [1m[35m (1.5ms)[0m  [1m[35mCREATE TABLE "ar_internal_metadata" ("key" character varying NOT NULL PRIMARY KEY, "value" character varying, "created_at" timestamp(6) NOT NULL, "updated_at" timestamp(6) NOT NULL)[0m
  [1m[35m (0.2ms)[0m  [1m[34mSELECT pg_try_advisory_lock(1817017352383169265)[0m
  [1m[36mActiveRecord::SchemaMigration Load (0.1ms)[0m  [1m[34mSELECT "schema_migrations"."version" FROM "schema_migrations" ORDER BY "schema_migrations"."version" ASC[0m
  [1m[36mActiveRecord::InternalMetadata Load (0.3ms)[0m  [1m[34mSELECT * FROM "ar_internal_metadata" WHERE "ar_internal_metadata"."key" = $1 ORDER BY "ar_internal_metadata"."key" ASC LIMIT 1[0m  [[nil, "environment"]]
  [1m[36mActiveRecord::InternalMetadata Create (0.4ms)[0m  [1m[32mINSERT INTO "ar_internal_metadata" ("key", "value", "created_at", "updated_at") VALUES ('environment', 'development', '2024-07-19 12:00:56.827453', '2024-07-19 12:00:56.827456') RETURNING "key"[0m
Migrating to CreateShelters (20230224211524)
  [1m[36mTRANSACTION (0.0ms)[0m  [1m[35mBEGIN[0m
  [1m[35m (2.0ms)[0m  [1m[35mCREATE TABLE "shelters" ("id" bigserial primary key, "foster_program" boolean, "name" character varying, "city" character varying, "rank" integer, "created_at" timestamp(6) NOT NULL, "updated_at" timestamp(6) NOT NULL)[0m
  [1m[36mActiveRecord::SchemaMigration Create (0.1ms)[0m  [1m[32mINSERT INTO "schema_migrations" ("version") VALUES ('20230224211524') RETURNING "version"[0m
  [1m[36mTRANSACTION (0.2ms)[0m  [1m[35mCOMMIT[0m
Migrating to CreatePets (20230224211614)
  [1m[36mTRANSACTION (0.0ms)[0m  [1m[35mBEGIN[0m
  [1m[35m (2.4ms)[0m  [1m[35mCREATE TABLE "pets" ("id" bigserial primary key, "adoptable" boolean, "age" integer, "breed" character varying, "name" character varying, "shelter_id" bigint NOT NULL, "created_at" timestamp(6) NOT NULL, "updated_at" timestamp(6) NOT NULL, CONSTRAINT "fk_rails_92fb5d7a05"
FOREIGN KEY ("shelter_id")
  REFERENCES "shelters" ("id")
)[0m
  [1m[35m (0.2ms)[0m  [1m[35mCREATE INDEX "index_pets_on_shelter_id" ON "pets" ("shelter_id")[0m
  [1m[36mActiveRecord::SchemaMigration Create (0.1ms)[0m  [1m[32mINSERT INTO "schema_migrations" ("version") VALUES ('20230224211614') RETURNING "version"[0m
  [1m[36mTRANSACTION (0.1ms)[0m  [1m[35mCOMMIT[0m
Migrating to CreateVeterinaryOffices (20230224211702)
  [1m[36mTRANSACTION (0.1ms)[0m  [1m[35mBEGIN[0m
  [1m[35m (1.6ms)[0m  [1m[35mCREATE TABLE "veterinary_offices" ("id" bigserial primary key, "boarding_services" boolean, "max_patient_capacity" integer, "name" character varying, "created_at" timestamp(6) NOT NULL, "updated_at" timestamp(6) NOT NULL)[0m
  [1m[36mActiveRecord::SchemaMigration Create (0.0ms)[0m  [1m[32mINSERT INTO "schema_migrations" ("version") VALUES ('20230224211702') RETURNING "version"[0m
  [1m[36mTRANSACTION (0.1ms)[0m  [1m[35mCOMMIT[0m
Migrating to CreateVeterinarians (20230224213052)
  [1m[36mTRANSACTION (0.1ms)[0m  [1m[35mBEGIN[0m
  [1m[35m (5.4ms)[0m  [1m[35mCREATE TABLE "veterinarians" ("id" bigserial primary key, "on_call" boolean, "review_rating" integer, "name" character varying, "veterinary_office_id" bigint NOT NULL, "created_at" timestamp(6) NOT NULL, "updated_at" timestamp(6) NOT NULL, CONSTRAINT "fk_rails_d296209ae6"
FOREIGN KEY ("veterinary_office_id")
  REFERENCES "veterinary_offices" ("id")
)[0m
  [1m[35m (0.2ms)[0m  [1m[35mCREATE INDEX "index_veterinarians_on_veterinary_office_id" ON "veterinarians" ("veterinary_office_id")[0m
  [1m[36mActiveRecord::SchemaMigration Create (0.1ms)[0m  [1m[32mINSERT INTO "schema_migrations" ("version") VALUES ('20230224213052') RETURNING "version"[0m
  [1m[36mTRANSACTION (0.1ms)[0m  [1m[35mCOMMIT[0m
  [1m[35m (0.3ms)[0m  [1m[34mSELECT pg_advisory_unlock(1817017352383169265)[0m
  [1m[36mActiveRecord::SchemaMigration Load (0.0ms)[0m  [1m[34mSELECT "schema_migrations"."version" FROM "schema_migrations" ORDER BY "schema_migrations"."version" ASC[0m
  [1m[36mActiveRecord::SchemaMigration Load (0.0ms)[0m  [1m[34mSELECT "schema_migrations"."version" FROM "schema_migrations" ORDER BY "schema_migrations"."version" ASC[0m
  [1m[36mActiveRecord::SchemaMigration Load (0.5ms)[0m  [1m[34mSELECT "schema_migrations"."version" FROM "schema_migrations" ORDER BY "schema_migrations"."version" ASC[0m
  [1m[35m (1.1ms)[0m  [1m[34mSELECT pg_try_advisory_lock(1817017352383169265)[0m
  [1m[36mActiveRecord::SchemaMigration Load (1.3ms)[0m  [1m[34mSELECT "schema_migrations"."version" FROM "schema_migrations" ORDER BY "schema_migrations"."version" ASC[0m
  [1m[36mActiveRecord::InternalMetadata Load (2.9ms)[0m  [1m[34mSELECT * FROM "ar_internal_metadata" WHERE "ar_internal_metadata"."key" = $1 ORDER BY "ar_internal_metadata"."key" ASC LIMIT 1[0m  [[nil, "environment"]]
Migrating to Applications (20240719140203)
  [1m[36mTRANSACTION (0.1ms)[0m  [1m[35mBEGIN[0m
  [1m[36mActiveRecord::SchemaMigration Create (1.5ms)[0m  [1m[32mINSERT INTO "schema_migrations" ("version") VALUES ('20240719140203') RETURNING "version"[0m
  [1m[36mTRANSACTION (0.7ms)[0m  [1m[35mCOMMIT[0m
  [1m[35m (0.4ms)[0m  [1m[34mSELECT pg_advisory_unlock(1817017352383169265)[0m
  [1m[36mActiveRecord::SchemaMigration Load (0.1ms)[0m  [1m[34mSELECT "schema_migrations"."version" FROM "schema_migrations" ORDER BY "schema_migrations"."version" ASC[0m
  [1m[35m (0.1ms)[0m  [1m[34mSELECT pg_try_advisory_lock(1817017352383169265)[0m
  [1m[36mActiveRecord::SchemaMigration Load (0.7ms)[0m  [1m[34mSELECT "schema_migrations"."version" FROM "schema_migrations" ORDER BY "schema_migrations"."version" ASC[0m
  [1m[36mActiveRecord::InternalMetadata Load (0.8ms)[0m  [1m[34mSELECT * FROM "ar_internal_metadata" WHERE "ar_internal_metadata"."key" = $1 ORDER BY "ar_internal_metadata"."key" ASC LIMIT 1[0m  [[nil, "environment"]]
Migrating to CreateApplications (20240719140612)
  [1m[36mTRANSACTION (0.1ms)[0m  [1m[35mBEGIN[0m
  [1m[35m (16.3ms)[0m  [1m[35mCREATE TABLE "applications" ("id" bigserial primary key, "applicant_name" character varying, "street_address" character varying, "city" character varying, "state" character varying, "zip_code" character varying, "description" character varying, "pet_names" character varying, "application_status" character varying, "created_at" timestamp(6) NOT NULL, "updated_at" timestamp(6) NOT NULL)[0m
  [1m[36mActiveRecord::SchemaMigration Create (0.1ms)[0m  [1m[32mINSERT INTO "schema_migrations" ("version") VALUES ('20240719140612') RETURNING "version"[0m
  [1m[36mTRANSACTION (0.8ms)[0m  [1m[35mCOMMIT[0m
  [1m[35m (0.3ms)[0m  [1m[34mSELECT pg_advisory_unlock(1817017352383169265)[0m
  [1m[36mActiveRecord::SchemaMigration Load (0.2ms)[0m  [1m[34mSELECT "schema_migrations"."version" FROM "schema_migrations" ORDER BY "schema_migrations"."version" ASC[0m
  [1m[36mApplication Load (0.5ms)[0m  [1m[34mSELECT "applications".* FROM "applications" /* loading for pp */ LIMIT $1[0m  [["LIMIT", 11]]
  [1m[36mActiveRecord::SchemaMigration Load (1.7ms)[0m  [1m[34mSELECT "schema_migrations"."version" FROM "schema_migrations" ORDER BY "schema_migrations"."version" ASC[0m
  [1m[36mTRANSACTION (0.1ms)[0m  [1m[35mBEGIN[0m
  [1m[36mApplication Create (1.8ms)[0m  [1m[32mINSERT INTO "applications" ("applicant_name", "street_address", "city", "state", "zip_code", "description", "pet_names", "application_status", "created_at", "updated_at") VALUES ($1, $2, $3, $4, $5, $6, $7, $8, $9, $10) RETURNING "id"[0m  [["applicant_name", "Monkey D Luffy"], ["street_address", "1345 Grand Line Way"], ["city", "Denver"], ["state", "Colorado"], ["zip_code", "80202"], ["description", "I love this cute little thing!"], ["pet_names", "Tony Tony Chopper"], ["application_status", "Pending"], ["created_at", "2024-07-19 15:41:06.066286"], ["updated_at", "2024-07-19 15:41:06.066286"]]
  [1m[36mTRANSACTION (0.3ms)[0m  [1m[35mCOMMIT[0m
  [1m[36mTRANSACTION (0.0ms)[0m  [1m[35mBEGIN[0m
  [1m[36mApplication Create (0.4ms)[0m  [1m[32mINSERT INTO "applications" ("applicant_name", "street_address", "city", "state", "zip_code", "description", "pet_names", "application_status", "created_at", "updated_at") VALUES ($1, $2, $3, $4, $5, $6, $7, $8, $9, $10) RETURNING "id"[0m  [["applicant_name", "Vlad Taltos"], ["street_address", "3456 dragaeron empire street"], ["city", "Louisville"], ["state", "Kentucky"], ["zip_code", "40241"], ["description", "I am already syonically linked"], ["pet_names", "chull face"], ["application_status", "Approved"], ["created_at", "2024-07-19 15:41:06.069368"], ["updated_at", "2024-07-19 15:41:06.069368"]]
  [1m[36mTRANSACTION (0.1ms)[0m  [1m[35mCOMMIT[0m
  [1m[36mTRANSACTION (0.0ms)[0m  [1m[35mBEGIN[0m
  [1m[36mApplication Create (0.4ms)[0m  [1m[32mINSERT INTO "applications" ("applicant_name", "street_address", "city", "state", "zip_code", "description", "pet_names", "application_status", "created_at", "updated_at") VALUES ($1, $2, $3, $4, $5, $6, $7, $8, $9, $10) RETURNING "id"[0m  [["applicant_name", "Kaladan Stormblessed"], ["street_address", "wind runner parkway"], ["city", "Urithiru"], ["state", "Roshar"], ["zip_code", "83212"], ["description", "Life before death"], ["pet_names", "Loiosh"], ["application_status", "In Progress"], ["created_at", "2024-07-19 15:41:06.070396"], ["updated_at", "2024-07-19 15:41:06.070396"]]
  [1m[36mTRANSACTION (0.3ms)[0m  [1m[35mCOMMIT[0m
  [1m[36mActiveRecord::SchemaMigration Load (1.4ms)[0m  [1m[34mSELECT "schema_migrations"."version" FROM "schema_migrations" ORDER BY "schema_migrations"."version" ASC[0m
  [1m[36mActiveRecord::InternalMetadata Load (1.2ms)[0m  [1m[34mSELECT * FROM "ar_internal_metadata" WHERE "ar_internal_metadata"."key" = $1 ORDER BY "ar_internal_metadata"."key" ASC LIMIT 1[0m  [[nil, "environment"]]
  [1m[36mActiveRecord::SchemaMigration Load (0.2ms)[0m  [1m[34mSELECT "schema_migrations"."version" FROM "schema_migrations" ORDER BY "schema_migrations"."version" ASC[0m
  [1m[36mActiveRecord::InternalMetadata Load (0.2ms)[0m  [1m[34mSELECT * FROM "ar_internal_metadata" WHERE "ar_internal_metadata"."key" = $1 ORDER BY "ar_internal_metadata"."key" ASC LIMIT 1[0m  [[nil, "environment"]]
  [1m[36mActiveRecord::SchemaMigration Load (0.1ms)[0m  [1m[34mSELECT "schema_migrations"."version" FROM "schema_migrations" ORDER BY "schema_migrations"."version" ASC[0m
  [1m[36mActiveRecord::InternalMetadata Load (0.1ms)[0m  [1m[34mSELECT * FROM "ar_internal_metadata" WHERE "ar_internal_metadata"."key" = $1 ORDER BY "ar_internal_metadata"."key" ASC LIMIT 1[0m  [[nil, "environment"]]
  [1m[35m (50.5ms)[0m  [1m[35mDROP DATABASE IF EXISTS "adopt_dont_shop_7_development"[0m
  [1m[35m (32.7ms)[0m  [1m[35mDROP DATABASE IF EXISTS "adopt_dont_shop_7_test"[0m
  [1m[35m (100.1ms)[0m  [1m[35mCREATE DATABASE "adopt_dont_shop_7_development" ENCODING = 'unicode'[0m
  [1m[35m (40.8ms)[0m  [1m[35mCREATE DATABASE "adopt_dont_shop_7_test" ENCODING = 'unicode'[0m
  [1m[35m (4.9ms)[0m  [1m[35mCREATE TABLE "schema_migrations" ("version" character varying NOT NULL PRIMARY KEY)[0m
  [1m[35m (1.4ms)[0m  [1m[35mCREATE TABLE "ar_internal_metadata" ("key" character varying NOT NULL PRIMARY KEY, "value" character varying, "created_at" timestamp(6) NOT NULL, "updated_at" timestamp(6) NOT NULL)[0m
  [1m[35m (0.2ms)[0m  [1m[34mSELECT pg_try_advisory_lock(1817017352383169265)[0m
  [1m[36mActiveRecord::SchemaMigration Load (0.2ms)[0m  [1m[34mSELECT "schema_migrations"."version" FROM "schema_migrations" ORDER BY "schema_migrations"."version" ASC[0m
  [1m[36mActiveRecord::InternalMetadata Load (0.4ms)[0m  [1m[34mSELECT * FROM "ar_internal_metadata" WHERE "ar_internal_metadata"."key" = $1 ORDER BY "ar_internal_metadata"."key" ASC LIMIT 1[0m  [[nil, "environment"]]
  [1m[36mActiveRecord::InternalMetadata Create (0.2ms)[0m  [1m[32mINSERT INTO "ar_internal_metadata" ("key", "value", "created_at", "updated_at") VALUES ('environment', 'development', '2024-07-19 15:43:28.907408', '2024-07-19 15:43:28.907410') RETURNING "key"[0m
Migrating to CreateShelters (20230224211524)
  [1m[36mTRANSACTION (0.1ms)[0m  [1m[35mBEGIN[0m
  [1m[35m (13.6ms)[0m  [1m[35mCREATE TABLE "shelters" ("id" bigserial primary key, "foster_program" boolean, "name" character varying, "city" character varying, "rank" integer, "created_at" timestamp(6) NOT NULL, "updated_at" timestamp(6) NOT NULL)[0m
  [1m[36mActiveRecord::SchemaMigration Create (0.1ms)[0m  [1m[32mINSERT INTO "schema_migrations" ("version") VALUES ('20230224211524') RETURNING "version"[0m
  [1m[36mTRANSACTION (0.4ms)[0m  [1m[35mCOMMIT[0m
Migrating to CreatePets (20230224211614)
  [1m[36mTRANSACTION (0.1ms)[0m  [1m[35mBEGIN[0m
  [1m[35m (1.8ms)[0m  [1m[35mCREATE TABLE "pets" ("id" bigserial primary key, "adoptable" boolean, "age" integer, "breed" character varying, "name" character varying, "shelter_id" bigint NOT NULL, "created_at" timestamp(6) NOT NULL, "updated_at" timestamp(6) NOT NULL, CONSTRAINT "fk_rails_92fb5d7a05"
FOREIGN KEY ("shelter_id")
  REFERENCES "shelters" ("id")
)[0m
  [1m[35m (0.2ms)[0m  [1m[35mCREATE INDEX "index_pets_on_shelter_id" ON "pets" ("shelter_id")[0m
  [1m[36mActiveRecord::SchemaMigration Create (0.3ms)[0m  [1m[32mINSERT INTO "schema_migrations" ("version") VALUES ('20230224211614') RETURNING "version"[0m
  [1m[36mTRANSACTION (0.3ms)[0m  [1m[35mCOMMIT[0m
Migrating to CreateVeterinaryOffices (20230224211702)
  [1m[36mTRANSACTION (0.8ms)[0m  [1m[35mBEGIN[0m
  [1m[35m (2.2ms)[0m  [1m[35mCREATE TABLE "veterinary_offices" ("id" bigserial primary key, "boarding_services" boolean, "max_patient_capacity" integer, "name" character varying, "created_at" timestamp(6) NOT NULL, "updated_at" timestamp(6) NOT NULL)[0m
  [1m[36mActiveRecord::SchemaMigration Create (0.1ms)[0m  [1m[32mINSERT INTO "schema_migrations" ("version") VALUES ('20230224211702') RETURNING "version"[0m
  [1m[36mTRANSACTION (0.2ms)[0m  [1m[35mCOMMIT[0m
Migrating to CreateVeterinarians (20230224213052)
  [1m[36mTRANSACTION (0.1ms)[0m  [1m[35mBEGIN[0m
  [1m[35m (1.6ms)[0m  [1m[35mCREATE TABLE "veterinarians" ("id" bigserial primary key, "on_call" boolean, "review_rating" integer, "name" character varying, "veterinary_office_id" bigint NOT NULL, "created_at" timestamp(6) NOT NULL, "updated_at" timestamp(6) NOT NULL, CONSTRAINT "fk_rails_d296209ae6"
FOREIGN KEY ("veterinary_office_id")
  REFERENCES "veterinary_offices" ("id")
)[0m
  [1m[35m (0.5ms)[0m  [1m[35mCREATE INDEX "index_veterinarians_on_veterinary_office_id" ON "veterinarians" ("veterinary_office_id")[0m
  [1m[36mActiveRecord::SchemaMigration Create (0.1ms)[0m  [1m[32mINSERT INTO "schema_migrations" ("version") VALUES ('20230224213052') RETURNING "version"[0m
  [1m[36mTRANSACTION (0.2ms)[0m  [1m[35mCOMMIT[0m
Migrating to CreateApplications (20240719140612)
  [1m[36mTRANSACTION (0.2ms)[0m  [1m[35mBEGIN[0m
  [1m[35m (1.8ms)[0m  [1m[35mCREATE TABLE "applications" ("id" bigserial primary key, "applicant_name" character varying, "street_address" character varying, "city" character varying, "state" character varying, "zip_code" character varying, "description" character varying, "pet_names" character varying, "application_status" character varying, "created_at" timestamp(6) NOT NULL, "updated_at" timestamp(6) NOT NULL)[0m
  [1m[36mActiveRecord::SchemaMigration Create (0.1ms)[0m  [1m[32mINSERT INTO "schema_migrations" ("version") VALUES ('20240719140612') RETURNING "version"[0m
  [1m[36mTRANSACTION (0.1ms)[0m  [1m[35mCOMMIT[0m
  [1m[35m (0.4ms)[0m  [1m[34mSELECT pg_advisory_unlock(1817017352383169265)[0m
  [1m[36mActiveRecord::SchemaMigration Load (0.1ms)[0m  [1m[34mSELECT "schema_migrations"."version" FROM "schema_migrations" ORDER BY "schema_migrations"."version" ASC[0m
  [1m[36mActiveRecord::SchemaMigration Load (0.0ms)[0m  [1m[34mSELECT "schema_migrations"."version" FROM "schema_migrations" ORDER BY "schema_migrations"."version" ASC[0m
  [1m[36mTRANSACTION (0.0ms)[0m  [1m[35mBEGIN[0m
  [1m[36mApplication Create (0.7ms)[0m  [1m[32mINSERT INTO "applications" ("applicant_name", "street_address", "city", "state", "zip_code", "description", "pet_names", "application_status", "created_at", "updated_at") VALUES ($1, $2, $3, $4, $5, $6, $7, $8, $9, $10) RETURNING "id"[0m  [["applicant_name", "Monkey D Luffy"], ["street_address", "1345 Grand Line Way"], ["city", "Denver"], ["state", "Colorado"], ["zip_code", "80202"], ["description", "I love this cute little thing!"], ["pet_names", "Tony Tony Chopper"], ["application_status", "Pending"], ["created_at", "2024-07-19 15:43:28.998029"], ["updated_at", "2024-07-19 15:43:28.998029"]]
  [1m[36mTRANSACTION (0.1ms)[0m  [1m[35mCOMMIT[0m
  [1m[36mTRANSACTION (0.0ms)[0m  [1m[35mBEGIN[0m
  [1m[36mApplication Create (0.7ms)[0m  [1m[32mINSERT INTO "applications" ("applicant_name", "street_address", "city", "state", "zip_code", "description", "pet_names", "application_status", "created_at", "updated_at") VALUES ($1, $2, $3, $4, $5, $6, $7, $8, $9, $10) RETURNING "id"[0m  [["applicant_name", "Vlad Taltos"], ["street_address", "3456 dragaeron empire street"], ["city", "Louisville"], ["state", "Kentucky"], ["zip_code", "40241"], ["description", "I am already syonically linked"], ["pet_names", "chull face"], ["application_status", "Approved"], ["created_at", "2024-07-19 15:43:28.999894"], ["updated_at", "2024-07-19 15:43:28.999894"]]
  [1m[36mTRANSACTION (0.1ms)[0m  [1m[35mCOMMIT[0m
  [1m[36mTRANSACTION (0.0ms)[0m  [1m[35mBEGIN[0m
  [1m[36mApplication Create (0.4ms)[0m  [1m[32mINSERT INTO "applications" ("applicant_name", "street_address", "city", "state", "zip_code", "description", "pet_names", "application_status", "created_at", "updated_at") VALUES ($1, $2, $3, $4, $5, $6, $7, $8, $9, $10) RETURNING "id"[0m  [["applicant_name", "Kaladan Stormblessed"], ["street_address", "wind runner parkway"], ["city", "Urithiru"], ["state", "Roshar"], ["zip_code", "83212"], ["description", "Life before death"], ["pet_names", "Loiosh"], ["application_status", "In Progress"], ["created_at", "2024-07-19 15:43:29.001293"], ["updated_at", "2024-07-19 15:43:29.001293"]]
  [1m[36mTRANSACTION (0.0ms)[0m  [1m[35mCOMMIT[0m
Started GET "/authors" for ::1 at 2024-07-19 09:44:32 -0600
  [1m[36mActiveRecord::SchemaMigration Load (1.5ms)[0m  [1m[34mSELECT "schema_migrations"."version" FROM "schema_migrations" ORDER BY "schema_migrations"."version" ASC[0m
  
ActionController::RoutingError (No route matches [GET] "/authors"):
  
Started GET "/applications/1" for ::1 at 2024-07-19 09:44:43 -0600
Processing by ApplicationsController#show as HTML
  Parameters: {"id"=>"1"}
  [1m[36mApplication Load (0.9ms)[0m  [1m[34mSELECT "applications".* FROM "applications" WHERE "applications"."id" = $1 LIMIT $2[0m  [["id", 1], ["LIMIT", 1]]
  ↳ app/controllers/applications_controller.rb:3:in `show'
  Rendering layout layouts/application.html.erb
  Rendering applications/show.html.erb within layouts/application
  Rendered applications/show.html.erb within layouts/application (Duration: 0.2ms | Allocations: 274)
  Rendered layout layouts/application.html.erb (Duration: 114.4ms | Allocations: 103306)
Completed 200 OK in 215ms (Views: 115.8ms | ActiveRecord: 14.2ms | Allocations: 134146)


Started GET "/applications/2" for ::1 at 2024-07-19 09:44:50 -0600
Processing by ApplicationsController#show as HTML
  Parameters: {"id"=>"2"}
  [1m[36mApplication Load (0.6ms)[0m  [1m[34mSELECT "applications".* FROM "applications" WHERE "applications"."id" = $1 LIMIT $2[0m  [["id", 2], ["LIMIT", 1]]
  ↳ app/controllers/applications_controller.rb:3:in `show'
  Rendering layout layouts/application.html.erb
  Rendering applications/show.html.erb within layouts/application
  Rendered applications/show.html.erb within layouts/application (Duration: 0.1ms | Allocations: 25)
  Rendered layout layouts/application.html.erb (Duration: 17.1ms | Allocations: 4925)
Completed 200 OK in 21ms (Views: 17.6ms | ActiveRecord: 0.6ms | Allocations: 5616)


Started GET "/applications" for ::1 at 2024-07-19 09:53:25 -0600
  
ActionController::RoutingError (No route matches [GET] "/applications"):
  
Started GET "/applications/1" for ::1 at 2024-07-19 09:53:30 -0600
Processing by ApplicationsController#show as HTML
  Parameters: {"id"=>"1"}
  [1m[36mApplication Load (3.1ms)[0m  [1m[34mSELECT "applications".* FROM "applications" WHERE "applications"."id" = $1 LIMIT $2[0m  [["id", 1], ["LIMIT", 1]]
  ↳ app/controllers/applications_controller.rb:3:in `show'
  Rendering layout layouts/application.html.erb
  Rendering applications/show.html.erb within layouts/application
  Rendered applications/show.html.erb within layouts/application (Duration: 0.3ms | Allocations: 26)
  Rendered layout layouts/application.html.erb (Duration: 11.8ms | Allocations: 2447)
Completed 200 OK in 663ms (Views: 13.4ms | ActiveRecord: 41.5ms | Allocations: 5889)


Started GET "/authors" for ::1 at 2024-07-19 09:55:29 -0600
  
ActionController::RoutingError (No route matches [GET] "/authors"):
  
Started GET "/authors/1" for ::1 at 2024-07-19 09:55:31 -0600
  
ActionController::RoutingError (No route matches [GET] "/authors/1"):
  
Started GET "/authors/1" for ::1 at 2024-07-19 09:55:33 -0600
  
ActionController::RoutingError (No route matches [GET] "/authors/1"):
  
